[0.055s] DEBUG:colcon:Command line arguments: ['/usr/bin/colcon', '--log-level', '1', 'build']
[0.055s] DEBUG:colcon:Parsed command line arguments: Namespace(allow_overriding=[], ament_cmake_args=None, base_paths=['.'], build_base='build', catkin_cmake_args=None, catkin_skip_building_tests=False, cmake_args=None, cmake_clean_cache=False, cmake_clean_first=False, cmake_force_configure=False, cmake_target=None, cmake_target_skip_unavailable=False, continue_on_error=False, event_handlers=None, executor='sequential', install_base='install', log_base=None, log_level=1, main=<bound method BuildVerb.main of <colcon_core.verb.build.BuildVerb object at 0x7ff9461c8a90>>, merge_install=False, paths=None, symlink_install=False, test_result_base=None, verb_extension=<colcon_core.verb.build.BuildVerb object at 0x7ff9461c8a90>, verb_name='build', verb_parser=<colcon_argcomplete.argument_parser.argcomplete.ArgcompleteDecorator object at 0x7ff945b04c40>)
[0.058s] Level 1:colcon.colcon_core.package_discovery:discover_packages(recursive) check parameters
[0.058s] Level 1:colcon.colcon_core.package_discovery:discover_packages(path) check parameters
[0.058s] Level 1:colcon.colcon_core.package_discovery:discover_packages(recursive) discover
[0.058s] INFO:colcon.colcon_core.package_discovery:Crawling recursively for packages in '/home/mwaulk/ros2-training/ros2_ws'
[0.058s] Level 1:colcon.colcon_core.package_identification:_identify(.) by extensions ['ignore', 'ignore_ament_install']
[0.058s] Level 1:colcon.colcon_core.package_identification:_identify(.) by extension 'ignore'
[0.058s] Level 1:colcon.colcon_core.package_identification:_identify(.) by extension 'ignore_ament_install'
[0.058s] Level 1:colcon.colcon_core.package_identification:_identify(.) by extensions ['ros']
[0.058s] Level 1:colcon.colcon_core.package_identification:_identify(.) by extension 'ros'
[0.066s] Level 1:colcon.colcon_core.package_identification:_identify(.) by extensions ['cmake', 'python']
[0.066s] Level 1:colcon.colcon_core.package_identification:_identify(.) by extension 'cmake'
[0.066s] Level 1:colcon.colcon_core.package_identification:_identify(.) by extension 'python'
[0.066s] Level 1:colcon.colcon_core.package_identification:_identify(.) by extensions ['python_setup_py']
[0.066s] Level 1:colcon.colcon_core.package_identification:_identify(.) by extension 'python_setup_py'
[0.066s] Level 1:colcon.colcon_core.package_identification:_identify(build) by extensions ['ignore', 'ignore_ament_install']
[0.066s] Level 1:colcon.colcon_core.package_identification:_identify(build) by extension 'ignore'
[0.066s] Level 1:colcon.colcon_core.package_identification:_identify(build) ignored
[0.066s] Level 1:colcon.colcon_core.package_identification:_identify(install) by extensions ['ignore', 'ignore_ament_install']
[0.066s] Level 1:colcon.colcon_core.package_identification:_identify(install) by extension 'ignore'
[0.066s] Level 1:colcon.colcon_core.package_identification:_identify(install) ignored
[0.066s] Level 1:colcon.colcon_core.package_identification:_identify(log) by extensions ['ignore', 'ignore_ament_install']
[0.066s] Level 1:colcon.colcon_core.package_identification:_identify(log) by extension 'ignore'
[0.066s] Level 1:colcon.colcon_core.package_identification:_identify(log) ignored
[0.066s] Level 1:colcon.colcon_core.package_identification:_identify(my_py_pkg) by extensions ['ignore', 'ignore_ament_install']
[0.067s] Level 1:colcon.colcon_core.package_identification:_identify(my_py_pkg) by extension 'ignore'
[0.067s] Level 1:colcon.colcon_core.package_identification:_identify(my_py_pkg) by extension 'ignore_ament_install'
[0.067s] Level 1:colcon.colcon_core.package_identification:_identify(my_py_pkg) by extensions ['ros']
[0.067s] Level 1:colcon.colcon_core.package_identification:_identify(my_py_pkg) by extension 'ros'
[0.068s] DEBUG:colcon.colcon_core.package_identification:Package 'my_py_pkg' with type 'ros.ament_python' and name 'my_py_pkg'
[0.068s] Level 1:colcon.colcon_core.package_identification:_identify(src) by extensions ['ignore', 'ignore_ament_install']
[0.068s] Level 1:colcon.colcon_core.package_identification:_identify(src) by extension 'ignore'
[0.068s] Level 1:colcon.colcon_core.package_identification:_identify(src) by extension 'ignore_ament_install'
[0.069s] Level 1:colcon.colcon_core.package_identification:_identify(src) by extensions ['ros']
[0.069s] Level 1:colcon.colcon_core.package_identification:_identify(src) by extension 'ros'
[0.069s] Level 1:colcon.colcon_core.package_identification:_identify(src) by extensions ['cmake', 'python']
[0.069s] Level 1:colcon.colcon_core.package_identification:_identify(src) by extension 'cmake'
[0.069s] Level 1:colcon.colcon_core.package_identification:_identify(src) by extension 'python'
[0.069s] Level 1:colcon.colcon_core.package_identification:_identify(src) by extensions ['python_setup_py']
[0.069s] Level 1:colcon.colcon_core.package_identification:_identify(src) by extension 'python_setup_py'
[0.069s] Level 1:colcon.colcon_core.package_discovery:discover_packages(recursive) using defaults
[0.069s] Level 1:colcon.colcon_core.package_discovery:discover_packages(path) discover
[0.069s] Level 1:colcon.colcon_core.package_discovery:discover_packages(path) using defaults
[0.084s] Level 5:colcon.colcon_core.verb:set package 'my_py_pkg' build argument 'cmake_args' from command line to 'None'
[0.084s] Level 5:colcon.colcon_core.verb:set package 'my_py_pkg' build argument 'cmake_target' from command line to 'None'
[0.084s] Level 5:colcon.colcon_core.verb:set package 'my_py_pkg' build argument 'cmake_target_skip_unavailable' from command line to 'False'
[0.084s] Level 5:colcon.colcon_core.verb:set package 'my_py_pkg' build argument 'cmake_clean_cache' from command line to 'False'
[0.084s] Level 5:colcon.colcon_core.verb:set package 'my_py_pkg' build argument 'cmake_clean_first' from command line to 'False'
[0.084s] Level 5:colcon.colcon_core.verb:set package 'my_py_pkg' build argument 'cmake_force_configure' from command line to 'False'
[0.084s] Level 5:colcon.colcon_core.verb:set package 'my_py_pkg' build argument 'ament_cmake_args' from command line to 'None'
[0.084s] Level 5:colcon.colcon_core.verb:set package 'my_py_pkg' build argument 'catkin_cmake_args' from command line to 'None'
[0.084s] Level 5:colcon.colcon_core.verb:set package 'my_py_pkg' build argument 'catkin_skip_building_tests' from command line to 'False'
[0.084s] DEBUG:colcon.colcon_core.verb:Building package 'my_py_pkg' with the following arguments: {'ament_cmake_args': None, 'build_base': '/home/mwaulk/ros2-training/ros2_ws/build/my_py_pkg', 'catkin_cmake_args': None, 'catkin_skip_building_tests': False, 'cmake_args': None, 'cmake_clean_cache': False, 'cmake_clean_first': False, 'cmake_force_configure': False, 'cmake_target': None, 'cmake_target_skip_unavailable': False, 'install_base': '/home/mwaulk/ros2-training/ros2_ws/install/my_py_pkg', 'merge_install': False, 'path': '/home/mwaulk/ros2-training/ros2_ws/my_py_pkg', 'symlink_install': False, 'test_result_base': None}
[0.086s] WARNING:colcon.colcon_core.verb:Some selected packages are already built in one or more underlay workspaces:
	'my_py_pkg' is in: /home/mwaulk/ros2-training/ros2_ws/install/my_py_pkg
If a package in a merged underlay workspace is overridden and it installs headers, then all packages in the overlay must sort their include directories by workspace order. Failure to do so may result in build failures or undefined behavior at run time.
If the overridden package is used by another package in any underlay, then the overriding package in the overlay must be API and ABI compatible or undefined behavior at run time may occur.

If you understand the risks and want to override a package anyways, add the following to the command line:
	--allow-overriding my_py_pkg

This may be promoted to an error in a future release of colcon-core.
[0.086s] INFO:colcon.colcon_core.executor:Executing jobs using 'sequential' executor
[0.087s] DEBUG:colcon.colcon_core.executor.sequential:run_until_complete 'my_py_pkg'
[0.088s] INFO:colcon.colcon_ros.task.ament_python.build:Building ROS package in '/home/mwaulk/ros2-training/ros2_ws/my_py_pkg' with build type 'ament_python'
[0.088s] Level 1:colcon.colcon_core.shell:create_environment_hook('my_py_pkg', 'ament_prefix_path')
[0.093s] INFO:colcon.colcon_core.plugin_system:Skipping extension 'colcon_core.shell.bat': Not used on non-Windows systems
[0.093s] INFO:colcon.colcon_core.shell:Creating environment descriptor '/home/mwaulk/ros2-training/ros2_ws/install/my_py_pkg/share/my_py_pkg/hook/ament_prefix_path.dsv'
[0.094s] INFO:colcon.colcon_core.shell:Creating environment hook '/home/mwaulk/ros2-training/ros2_ws/install/my_py_pkg/share/my_py_pkg/hook/ament_prefix_path.sh'
[0.095s] DEBUG:colcon.colcon_core.shell:Skip shell extension 'dsv' for command environment
[0.231s] INFO:colcon.colcon_core.task.python.build:Building Python package in '/home/mwaulk/ros2-training/ros2_ws/my_py_pkg'
[0.231s] DEBUG:colcon.colcon_core.shell:Skip shell extension 'dsv' for command environment
[0.462s] DEBUG:colcon.colcon_core.event_handler.log_command:Invoking command in '/home/mwaulk/ros2-training/ros2_ws/my_py_pkg': PYTHONPATH=/home/mwaulk/ros2-training/ros2_ws/install/my_py_pkg/lib/python3.8/site-packages:${PYTHONPATH} /usr/bin/python3 setup.py egg_info --egg-base ../build/my_py_pkg build --build-base /home/mwaulk/ros2-training/ros2_ws/build/my_py_pkg/build install --prefix /home/mwaulk/ros2-training/ros2_ws/install/my_py_pkg --record /home/mwaulk/ros2-training/ros2_ws/build/my_py_pkg/install.log --single-version-externally-managed
[0.642s] DEBUG:colcon.colcon_core.event_handler.log_command:Invoked command in '/home/mwaulk/ros2-training/ros2_ws/my_py_pkg' returned '0': PYTHONPATH=/home/mwaulk/ros2-training/ros2_ws/install/my_py_pkg/lib/python3.8/site-packages:${PYTHONPATH} /usr/bin/python3 setup.py egg_info --egg-base ../build/my_py_pkg build --build-base /home/mwaulk/ros2-training/ros2_ws/build/my_py_pkg/build install --prefix /home/mwaulk/ros2-training/ros2_ws/install/my_py_pkg --record /home/mwaulk/ros2-training/ros2_ws/build/my_py_pkg/install.log --single-version-externally-managed
[0.646s] Level 1:colcon.colcon_core.environment:checking '/home/mwaulk/ros2-training/ros2_ws/install/my_py_pkg' for CMake module files
[0.646s] Level 1:colcon.colcon_core.environment:checking '/home/mwaulk/ros2-training/ros2_ws/install/my_py_pkg' for CMake config files
[0.647s] Level 1:colcon.colcon_core.environment:checking '/home/mwaulk/ros2-training/ros2_ws/install/my_py_pkg/lib'
[0.647s] Level 1:colcon.colcon_core.environment:checking '/home/mwaulk/ros2-training/ros2_ws/install/my_py_pkg/bin'
[0.647s] Level 1:colcon.colcon_core.environment:checking '/home/mwaulk/ros2-training/ros2_ws/install/my_py_pkg/lib/pkgconfig/my_py_pkg.pc'
[0.647s] Level 1:colcon.colcon_core.environment:checking '/home/mwaulk/ros2-training/ros2_ws/install/my_py_pkg/lib/python3.8/site-packages'
[0.647s] Level 1:colcon.colcon_core.shell:create_environment_hook('my_py_pkg', 'pythonpath')
[0.648s] INFO:colcon.colcon_core.shell:Creating environment descriptor '/home/mwaulk/ros2-training/ros2_ws/install/my_py_pkg/share/my_py_pkg/hook/pythonpath.dsv'
[0.648s] INFO:colcon.colcon_core.shell:Creating environment hook '/home/mwaulk/ros2-training/ros2_ws/install/my_py_pkg/share/my_py_pkg/hook/pythonpath.sh'
[0.648s] Level 1:colcon.colcon_core.environment:create_environment_scripts_only(my_py_pkg)
[0.648s] INFO:colcon.colcon_core.shell:Creating package descriptor '/home/mwaulk/ros2-training/ros2_ws/install/my_py_pkg/share/my_py_pkg/package.dsv'
[0.649s] INFO:colcon.colcon_core.shell:Creating package script '/home/mwaulk/ros2-training/ros2_ws/install/my_py_pkg/share/my_py_pkg/package.sh'
[0.649s] Level 1:colcon.colcon_core.environment:create_file_with_runtime_dependencies(/home/mwaulk/ros2-training/ros2_ws/install/my_py_pkg/share/colcon-core/packages/my_py_pkg)
[0.650s] DEBUG:colcon.colcon_core.executor.sequential:run_until_complete 'my_py_pkg' finished with '0'
[0.650s] DEBUG:colcon.colcon_core.executor.sequential:closing loop
[0.650s] DEBUG:colcon.colcon_core.executor.sequential:loop closed
[0.650s] DEBUG:colcon.colcon_core.event_reactor:joining thread
[0.651s] DEBUG:colcon.colcon_core.event_reactor:joined thread
[0.651s] INFO:colcon.colcon_core.shell:Creating prefix script '/home/mwaulk/ros2-training/ros2_ws/install/local_setup.sh'
[0.651s] INFO:colcon.colcon_core.shell:Creating prefix util module '/home/mwaulk/ros2-training/ros2_ws/install/_local_setup_util_sh.py'
[0.652s] INFO:colcon.colcon_core.shell:Creating prefix chain script '/home/mwaulk/ros2-training/ros2_ws/install/setup.sh'
